2022-05-11 17:49:52 INFO  Log:14 - =====================================loginTest TEST START=========================================
2022-05-11 17:49:53 INFO  Log:25 - clicked on signin button
2022-05-11 17:50:04 ERROR Log:37 - Test FAILED
2022-05-11 17:50:04 INFO  Log:25 - TEST finished
2022-05-12 18:02:50 INFO  Log:25 - TEST finished
2022-05-12 18:06:03 INFO  Log:14 - =====================================loginTest TEST START=========================================
2022-05-12 18:06:05 INFO  Log:25 - clicked on signin button
2022-05-12 18:06:07 INFO  Log:18 - =====================================loginTest TEST END=========================================
2022-05-12 18:06:07 INFO  Log:25 - TEST finished
2022-05-12 18:24:55 INFO  Log:14 - =====================================loginTest TEST START=========================================
2022-05-12 18:24:57 INFO  Log:25 - clicked on signin button
2022-05-12 18:25:08 ERROR Log:37 - Test FAILED
2022-05-12 18:25:08 INFO  Log:25 - TEST finished
2022-05-12 18:25:44 INFO  Log:14 - =====================================loginTest TEST START=========================================
2022-05-12 18:25:46 INFO  Log:25 - clicked on signin button
2022-05-12 18:25:57 ERROR Log:37 - Test FAILED
2022-05-12 18:25:57 INFO  Log:25 - TEST finished
2022-05-12 18:28:24 INFO  Log:14 - =====================================loginTest TEST START=========================================
2022-05-12 18:28:25 INFO  Log:25 - clicked on signin button
2022-05-12 18:28:36 ERROR Log:37 - Test FAILED
2022-05-12 18:28:36 INFO  Log:25 - TEST finished
2022-05-12 18:35:40 INFO  Log:14 - =====================================loginTest TEST START=========================================
2022-05-12 18:35:41 INFO  Log:25 - clicked on signin button
2022-05-12 18:35:52 ERROR Log:37 - Test FAILED
2022-05-12 18:35:52 INFO  Log:25 - TEST finished
2022-05-12 18:39:03 INFO  Log:14 - =====================================loginTest TEST START=========================================
2022-05-12 18:39:04 INFO  Log:25 - clicked on signin button
2022-05-12 18:39:15 ERROR Log:37 - Test FAILED
2022-05-12 18:39:15 INFO  Log:25 - TEST finished
