2022-05-17 17:11:43 INFO  Log:14 - =====================================login TEST START=========================================
2022-05-17 17:11:46 INFO  Log:25 - signin done
2022-05-17 17:11:46 INFO  Log:18 - =====================================login TEST END=========================================
2022-05-17 17:11:46 INFO  Log:14 - =====================================logout TEST START=========================================
2022-05-17 17:11:48 INFO  Log:18 - =====================================logout TEST END=========================================
2022-05-17 17:11:48 INFO  Log:25 - TEST finished
2022-05-18 16:42:54 INFO  Log:14 - =====================================fileScript TEST START=========================================
2022-05-18 16:42:54 INFO  Log:18 - =====================================fileScript TEST END=========================================
2022-05-18 16:42:54 INFO  Log:25 - TEST finished
2022-05-18 16:45:59 INFO  Log:14 - =====================================fileScript TEST START=========================================
2022-05-18 16:45:59 INFO  Log:18 - =====================================fileScript TEST END=========================================
2022-05-18 16:45:59 INFO  Log:25 - TEST finished
2022-05-18 16:51:34 INFO  Log:25 - TEST finished
2022-05-18 16:53:16 INFO  Log:14 - =====================================fileScript TEST START=========================================
2022-05-18 16:53:17 ERROR Log:42 - Test FAILED
2022-05-18 16:53:17 INFO  Log:25 - TEST finished
2022-05-18 17:04:25 INFO  Log:14 - =====================================fileScript TEST START=========================================
2022-05-18 17:04:25 ERROR Log:42 - Test FAILED
2022-05-18 17:04:25 INFO  Log:25 - TEST finished
2022-05-18 17:12:24 INFO  Log:14 - =====================================fileScript TEST START=========================================
2022-05-18 17:12:27 INFO  Log:18 - =====================================fileScript TEST END=========================================
2022-05-18 17:12:27 INFO  Log:25 - TEST finished
2022-05-18 17:18:43 INFO  Log:14 - =====================================fileScript TEST START=========================================
2022-05-18 17:18:44 INFO  Log:18 - =====================================fileScript TEST END=========================================
2022-05-18 17:18:44 INFO  Log:25 - TEST finished
2022-05-18 17:25:19 INFO  Log:14 - =====================================fileScript TEST START=========================================
2022-05-18 17:25:19 INFO  Log:18 - =====================================fileScript TEST END=========================================
2022-05-18 17:25:19 INFO  Log:25 - TEST finished
2022-05-18 17:28:01 INFO  Log:14 - =====================================fileScript TEST START=========================================
2022-05-18 17:28:01 INFO  Log:18 - =====================================fileScript TEST END=========================================
2022-05-18 17:28:01 INFO  Log:25 - TEST finished
2022-05-18 17:32:18 INFO  Log:14 - =====================================fileScript TEST START=========================================
2022-05-18 17:32:18 INFO  Log:18 - =====================================fileScript TEST END=========================================
2022-05-18 17:32:18 INFO  Log:25 - TEST finished
2022-05-18 17:33:49 INFO  Log:14 - =====================================fileScript TEST START=========================================
2022-05-18 17:33:50 ERROR Log:42 - Test FAILED
2022-05-18 17:33:50 INFO  Log:25 - TEST finished
2022-05-18 17:35:35 INFO  Log:14 - =====================================fileScript TEST START=========================================
2022-05-18 17:35:35 INFO  Log:18 - =====================================fileScript TEST END=========================================
2022-05-18 17:35:35 INFO  Log:25 - TEST finished
2022-05-18 17:38:27 INFO  Log:14 - =====================================fileScript TEST START=========================================
2022-05-18 17:38:27 ERROR Log:42 - Test FAILED
2022-05-18 17:38:27 INFO  Log:25 - TEST finished
2022-05-18 17:39:34 INFO  Log:14 - =====================================fileScript TEST START=========================================
2022-05-18 17:39:35 INFO  Log:18 - =====================================fileScript TEST END=========================================
2022-05-18 17:39:35 INFO  Log:25 - TEST finished
2022-05-18 17:40:54 INFO  Log:14 - =====================================fileScript TEST START=========================================
2022-05-18 17:40:54 INFO  Log:18 - =====================================fileScript TEST END=========================================
2022-05-18 17:40:54 INFO  Log:25 - TEST finished
2022-05-18 18:04:55 INFO  Log:14 - =====================================fileScript TEST START=========================================
2022-05-18 18:04:58 INFO  Log:18 - =====================================fileScript TEST END=========================================
2022-05-18 18:04:58 INFO  Log:25 - TEST finished
2022-05-18 18:05:51 INFO  Log:14 - =====================================fileScript TEST START=========================================
2022-05-18 18:05:53 ERROR Log:42 - Test FAILED
2022-05-18 18:05:53 INFO  Log:25 - TEST finished
